gcc: error: montecarlo.cu: No such file or directory
gcc: warning: ‘-x c++’ after last input file has no effect
gcc: fatal error: no input files
compilation terminated.
/var/spool/slurmd/job543950/slurm_script: line 18: ./montecarlo: No such file or directory
gcc: error: montecarlo.cu: No such file or directory
gcc: warning: ‘-x c++’ after last input file has no effect
gcc: fatal error: no input files
compilation terminated.
/var/spool/slurmd/job543950/slurm_script: line 18: ./montecarlo: No such file or directory
gcc: error: montecarlo.cu: No such file or directory
gcc: warning: ‘-x c++’ after last input file has no effect
gcc: fatal error: no input files
compilation terminated.
/var/spool/slurmd/job543950/slurm_script: line 18: ./montecarlo: No such file or directory
gcc: error: montecarlo.cu: No such file or directory
gcc: warning: ‘-x c++’ after last input file has no effect
gcc: fatal error: no input files
compilation terminated.
/var/spool/slurmd/job543950/slurm_script: line 18: ./montecarlo: No such file or directory
gcc: error: montecarlo.cu: No such file or directory
gcc: warning: ‘-x c++’ after last input file has no effect
gcc: fatal error: no input files
compilation terminated.
/var/spool/slurmd/job543950/slurm_script: line 18: ./montecarlo: No such file or directory
gcc: error: montecarlo.cu: No such file or directory
gcc: warning: ‘-x c++’ after last input file has no effect
gcc: fatal error: no input files
compilation terminated.
/var/spool/slurmd/job543950/slurm_script: line 18: ./montecarlo: No such file or directory
gcc: error: montecarlo.cu: No such file or directory
gcc: warning: ‘-x c++’ after last input file has no effect
gcc: fatal error: no input files
compilation terminated.
/var/spool/slurmd/job543950/slurm_script: line 18: ./montecarlo: No such file or directory
gcc: error: montecarlo.cu: No such file or directory
gcc: warning: ‘-x c++’ after last input file has no effect
gcc: fatal error: no input files
compilation terminated.
/var/spool/slurmd/job543950/slurm_script: line 18: ./montecarlo: No such file or directory
gcc: error: montecarlo.cu: No such file or directory
gcc: warning: ‘-x c++’ after last input file has no effect
gcc: fatal error: no input files
compilation terminated.
/var/spool/slurmd/job543950/slurm_script: line 18: ./montecarlo: No such file or directory
gcc: error: montecarlo.cu: No such file or directory
gcc: warning: ‘-x c++’ after last input file has no effect
gcc: fatal error: no input files
compilation terminated.
/var/spool/slurmd/job543950/slurm_script: line 18: ./montecarlo: No such file or directory
gcc: error: montecarlo.cu: No such file or directory
gcc: warning: ‘-x c++’ after last input file has no effect
gcc: fatal error: no input files
compilation terminated.
/var/spool/slurmd/job543950/slurm_script: line 18: ./montecarlo: No such file or directory
gcc: error: montecarlo.cu: No such file or directory
gcc: warning: ‘-x c++’ after last input file has no effect
gcc: fatal error: no input files
compilation terminated.
/var/spool/slurmd/job543950/slurm_script: line 18: ./montecarlo: No such file or directory
gcc: error: montecarlo.cu: No such file or directory
gcc: warning: ‘-x c++’ after last input file has no effect
gcc: fatal error: no input files
compilation terminated.
/var/spool/slurmd/job543950/slurm_script: line 18: ./montecarlo: No such file or directory
gcc: error: montecarlo.cu: No such file or directory
gcc: warning: ‘-x c++’ after last input file has no effect
gcc: fatal error: no input files
compilation terminated.
/var/spool/slurmd/job543950/slurm_script: line 18: ./montecarlo: No such file or directory
gcc: error: montecarlo.cu: No such file or directory
gcc: warning: ‘-x c++’ after last input file has no effect
gcc: fatal error: no input files
compilation terminated.
/var/spool/slurmd/job543950/slurm_script: line 18: ./montecarlo: No such file or directory
gcc: error: montecarlo.cu: No such file or directory
gcc: warning: ‘-x c++’ after last input file has no effect
gcc: fatal error: no input files
compilation terminated.
/var/spool/slurmd/job543950/slurm_script: line 18: ./montecarlo: No such file or directory
gcc: error: montecarlo.cu: No such file or directory
gcc: warning: ‘-x c++’ after last input file has no effect
gcc: fatal error: no input files
compilation terminated.
/var/spool/slurmd/job543950/slurm_script: line 18: ./montecarlo: No such file or directory
gcc: error: montecarlo.cu: No such file or directory
gcc: warning: ‘-x c++’ after last input file has no effect
gcc: fatal error: no input files
compilation terminated.
/var/spool/slurmd/job543950/slurm_script: line 18: ./montecarlo: No such file or directory
gcc: error: montecarlo.cu: No such file or directory
gcc: warning: ‘-x c++’ after last input file has no effect
gcc: fatal error: no input files
compilation terminated.
/var/spool/slurmd/job543950/slurm_script: line 18: ./montecarlo: No such file or directory
gcc: error: montecarlo.cu: No such file or directory
gcc: warning: ‘-x c++’ after last input file has no effect
gcc: fatal error: no input files
compilation terminated.
/var/spool/slurmd/job543950/slurm_script: line 18: ./montecarlo: No such file or directory
gcc: error: montecarlo.cu: No such file or directory
gcc: warning: ‘-x c++’ after last input file has no effect
gcc: fatal error: no input files
compilation terminated.
/var/spool/slurmd/job543950/slurm_script: line 18: ./montecarlo: No such file or directory
gcc: error: montecarlo.cu: No such file or directory
gcc: warning: ‘-x c++’ after last input file has no effect
gcc: fatal error: no input files
compilation terminated.
/var/spool/slurmd/job543950/slurm_script: line 18: ./montecarlo: No such file or directory
gcc: error: montecarlo.cu: No such file or directory
gcc: warning: ‘-x c++’ after last input file has no effect
gcc: fatal error: no input files
compilation terminated.
/var/spool/slurmd/job543950/slurm_script: line 18: ./montecarlo: No such file or directory
gcc: error: montecarlo.cu: No such file or directory
gcc: warning: ‘-x c++’ after last input file has no effect
gcc: fatal error: no input files
compilation terminated.
/var/spool/slurmd/job543950/slurm_script: line 18: ./montecarlo: No such file or directory
