      1024,        8,    29.4118,  23.73%
      1024,       32,    29.4118,  24.32%
      1024,      128,    29.4118,  22.07%
      4096,        8,   121.2121,  23.12%
      4096,       32,   121.2121,  21.61%
      4096,      128,   117.6471,  21.36%
     16384,        8,   410.2564,  21.53%
     16384,       32,   484.8485,  22.15%
     16384,      128,   484.8485,  22.33%
     65536,        8,  1342.9508,  22.33%
     65536,       32,  1592.5350,  22.46%
     65536,      128,  1572.9646,  22.41%
    262144,        8,  2929.8997,  22.58%
    262144,       32,  4681.1427,  22.50%
    262144,      128,  5756.8517,  22.41%
   1048576,        8,  4288.4438,  22.53%
   1048576,       32, 11100.2714,  22.52%
   1048576,      128, 13309.5051,  22.55%
   2097152,        8,  4652.2326,  22.46%
   2097152,       32, 14284.2197,  22.48%
   2097152,      128, 17698.0825,  22.49%
   4194304,        8,  4870.7544,  22.48%
   4194304,       32, 16667.3443,  22.51%
   4194304,      128, 21769.1414,  22.51%
